[08Apr2026 19:16:40.369] [main/INFO] [net.neoforged.fml.startup.Entrypoint/]: JVM Uptime at startup: 243ms
[08Apr2026 19:16:40.382] [main/INFO] [net.neoforged.fml.loading.FMLLoader/]: Starting FancyModLoader version 10.0.32 (CLIENT in DEV)
[08Apr2026 19:16:40.384] [main/INFO] [net.neoforged.fml.loading.FMLLoader/]: Game directory: D:\User Data\Documents\fortress\run
[08Apr2026 19:16:40.385] [main/DEBUG] [net.neoforged.fml.loading.FMLPaths/CORE]: Path GAMEDIR is D:\User Data\Documents\fortress\run
[08Apr2026 19:16:40.387] [main/DEBUG] [net.neoforged.fml.loading.FMLPaths/CORE]: Path JIJ_CACHEDIR is D:\User Data\Documents\fortress\run\.cache\jij
[08Apr2026 19:16:40.387] [main/DEBUG] [net.neoforged.fml.loading.FMLPaths/CORE]: Path MODSDIR is D:\User Data\Documents\fortress\run\mods
[08Apr2026 19:16:40.387] [main/DEBUG] [net.neoforged.fml.loading.FMLPaths/CORE]: Path CONFIGDIR is D:\User Data\Documents\fortress\run\config
[08Apr2026 19:16:40.388] [main/DEBUG] [net.neoforged.fml.loading.FMLPaths/CORE]: Path FMLCONFIG is D:\User Data\Documents\fortress\run\config\fml.toml
[08Apr2026 19:16:40.454] [ForkJoinPool.commonPool-worker-2/DEBUG] [net.neoforged.fml.loading.EarlyServiceDiscovery/]: C:\Users\HosenillaPC\.gradle\caches\modules-2\files-2.1\net.neoforged.fancymodloader\loader\10.0.32\ef0364b1413d96932ddf4b4dc4a5660a4d861b5b\loader-10.0.32.jar contains early service net.neoforged.neoforgespi.locating.IDependencyLocator
[08Apr2026 19:16:40.468] [ForkJoinPool.commonPool-worker-2/DEBUG] [net.neoforged.fml.loading.moddiscovery.ModFile/LOADING]: Loading mod file C:\Users\HosenillaPC\.gradle\caches\modules-2\files-2.1\net.neoforged.fancymodloader\loader\10.0.32\ef0364b1413d96932ddf4b4dc4a5660a4d861b5b\loader-10.0.32.jar with languages []
[08Apr2026 19:16:40.731] [main/DEBUG] [net.neoforged.fml.loading.EarlyServiceDiscovery/]: C:\Users\HosenillaPC\.gradle\caches\modules-2\files-2.1\net.neoforged.fancymodloader\earlydisplay\10.0.32\1ca2e62504996c417c19e740513f8d09b880359e\earlydisplay-10.0.32.jar contains early service net.neoforged.neoforgespi.earlywindow.ImmediateWindowProvider
[08Apr2026 19:16:40.731] [main/DEBUG] [net.neoforged.fml.loading.moddiscovery.ModFile/LOADING]: Loading mod file C:\Users\HosenillaPC\.gradle\caches\modules-2\files-2.1\net.neoforged.fancymodloader\earlydisplay\10.0.32\1ca2e62504996c417c19e740513f8d09b880359e\earlydisplay-10.0.32.jar with languages []
[08Apr2026 19:16:40.733] [main/INFO] [net.neoforged.fml.loading.EarlyServiceDiscovery/]: Found 2 early service jars (out of 115) in 296ms
[08Apr2026 19:16:40.734] [main/INFO] [net.neoforged.fml.loading.FMLLoader/]: Loading FML Early Services:
[08Apr2026 19:16:40.735] [main/INFO] [net.neoforged.fml.loading.FMLLoader/]:  - C:/Users/HosenillaPC/.gradle/caches/modules-2/files-2.1/net.neoforged.fancymodloader/loader/10.0.32/ef0364b1413d96932ddf4b4dc4a5660a4d861b5b/loader-10.0.32.jar
[08Apr2026 19:16:40.737] [main/INFO] [net.neoforged.fml.loading.FMLLoader/]:  - C:/Users/HosenillaPC/.gradle/caches/modules-2/files-2.1/net.neoforged.fancymodloader/earlydisplay/10.0.32/1ca2e62504996c417c19e740513f8d09b880359e/earlydisplay-10.0.32.jar
[08Apr2026 19:16:40.742] [main/DEBUG] [net.neoforged.fml.util.ServiceLoaderUtil/CORE]: Found 0 implementations of GraphicsBootstrapper:
[08Apr2026 19:16:40.744] [main/INFO] [net.neoforged.fml.loading.ImmediateWindowHandler/]: Loading ImmediateWindowProvider fmlearlywindow
[08Apr2026 19:16:40.752] [main/DEBUG] [net.neoforged.fml.util.ServiceLoaderUtil/CORE]: Found 1 implementations of ImmediateWindowProvider:
[08Apr2026 19:16:40.753] [main/DEBUG] [net.neoforged.fml.util.ServiceLoaderUtil/CORE]: 	net.neoforged.fml.earlydisplay.DisplayWindow from C:/Users/HosenillaPC/.gradle/caches/modules-2/files-2.1/net.neoforged.fancymodloader/earlydisplay/10.0.32/1ca2e62504996c417c19e740513f8d09b880359e/earlydisplay-10.0.32.jar
[08Apr2026 19:16:40.811] [main/DEBUG] [net.neoforged.fml.earlydisplay.theme.ThemeLoader/]: Loading built-in theme default
[08Apr2026 19:16:41.180] [ForkJoinPool.commonPool-worker-5/DEBUG] [net.neoforged.fml.util.ServiceLoaderUtil/CORE]: Found 4 implementations of IModFileCandidateLocator:
[08Apr2026 19:16:41.182] [ForkJoinPool.commonPool-worker-5/DEBUG] [net.neoforged.fml.util.ServiceLoaderUtil/CORE]: 	    1000 - [built-in] net.neoforged.fml.loading.moddiscovery.locators.GameLocator from C:/Users/HosenillaPC/.gradle/caches/modules-2/files-2.1/net.neoforged.fancymodloader/loader/10.0.32/ef0364b1413d96932ddf4b4dc4a5660a4d861b5b/loader-10.0.32.jar
[08Apr2026 19:16:41.182] [ForkJoinPool.commonPool-worker-5/DEBUG] [net.neoforged.fml.util.ServiceLoaderUtil/CORE]: 	    1000 - [built-in] net.neoforged.fml.loading.moddiscovery.locators.InDevFolderLocator from C:/Users/HosenillaPC/.gradle/caches/modules-2/files-2.1/net.neoforged.fancymodloader/loader/10.0.32/ef0364b1413d96932ddf4b4dc4a5660a4d861b5b/loader-10.0.32.jar
[08Apr2026 19:16:41.183] [ForkJoinPool.commonPool-worker-5/DEBUG] [net.neoforged.fml.util.ServiceLoaderUtil/CORE]: 	    1000 - [built-in] net.neoforged.fml.loading.moddiscovery.locators.InDevJarLocator from C:/Users/HosenillaPC/.gradle/caches/modules-2/files-2.1/net.neoforged.fancymodloader/loader/10.0.32/ef0364b1413d96932ddf4b4dc4a5660a4d861b5b/loader-10.0.32.jar
[08Apr2026 19:16:41.184] [ForkJoinPool.commonPool-worker-5/DEBUG] [net.neoforged.fml.util.ServiceLoaderUtil/CORE]: 	       0 - [built-in] net.neoforged.fml.loading.moddiscovery.locators.ModsFolderLocator from C:/Users/HosenillaPC/.gradle/caches/modules-2/files-2.1/net.neoforged.fancymodloader/loader/10.0.32/ef0364b1413d96932ddf4b4dc4a5660a4d861b5b/loader-10.0.32.jar
[08Apr2026 19:16:41.187] [ForkJoinPool.commonPool-worker-5/DEBUG] [net.neoforged.fml.util.ServiceLoaderUtil/CORE]: Found 2 implementations of IModFileReader:
[08Apr2026 19:16:41.189] [ForkJoinPool.commonPool-worker-5/DEBUG] [net.neoforged.fml.util.ServiceLoaderUtil/CORE]: 	       0 - net.neoforged.fml.loading.moddiscovery.readers.JarModsDotTomlModFileReader from C:/Users/HosenillaPC/.gradle/caches/modules-2/files-2.1/net.neoforged.fancymodloader/loader/10.0.32/ef0364b1413d96932ddf4b4dc4a5660a4d861b5b/loader-10.0.32.jar
[08Apr2026 19:16:41.189] [ForkJoinPool.commonPool-worker-5/DEBUG] [net.neoforged.fml.util.ServiceLoaderUtil/CORE]: 	   -1000 - net.neoforged.fml.loading.moddiscovery.readers.NestedLibraryModReader from C:/Users/HosenillaPC/.gradle/caches/modules-2/files-2.1/net.neoforged.fancymodloader/loader/10.0.32/ef0364b1413d96932ddf4b4dc4a5660a4d861b5b/loader-10.0.32.jar
[08Apr2026 19:16:41.192] [ForkJoinPool.commonPool-worker-5/DEBUG] [net.neoforged.fml.util.ServiceLoaderUtil/CORE]: Found 1 implementations of IDependencyLocator:
[08Apr2026 19:16:41.194] [ForkJoinPool.commonPool-worker-5/DEBUG] [net.neoforged.fml.util.ServiceLoaderUtil/CORE]: 	       0 - net.neoforged.fml.loading.moddiscovery.locators.JarInJarDependencyLocator from C:/Users/HosenillaPC/.gradle/caches/modules-2/files-2.1/net.neoforged.fancymodloader/loader/10.0.32/ef0364b1413d96932ddf4b4dc4a5660a4d861b5b/loader-10.0.32.jar
[08Apr2026 19:16:41.245] [ForkJoinPool.commonPool-worker-5/DEBUG] [net.neoforged.fml.loading.moddiscovery.locators.RequiredSystemFiles/]: Found NeoForge MANIFEST.MF in jar(D:/User Data/Documents/fortress/build/moddev/artifacts/neoforge-21.10.64.jar)
[08Apr2026 19:16:41.248] [ForkJoinPool.commonPool-worker-5/INFO] [net.neoforged.fml.loading.moddiscovery.locators.GameLocator/]: Detected a joined NeoForge and Minecraft configuration. Applying filtering...
[08Apr2026 19:16:41.323] [ForkJoinPool.commonPool-worker-5/DEBUG] [net.neoforged.fml.loading.moddiscovery.ModFileInfo/LOADING]: Found valid mod file neoforge-21.10.64-client-extra-aka-minecraft-resources.jar with {minecraft} mods - versions {1.21.10}
[08Apr2026 19:16:41.327] [ForkJoinPool.commonPool-worker-5/DEBUG] [net.neoforged.fml.loading.moddiscovery.ModFile/LOADING]: Loading mod file D:\User Data\Documents\fortress\build\moddev\artifacts\neoforge-21.10.64-client-extra-aka-minecraft-resources.jar with languages [LanguageSpec[languageName=minecraft, acceptedVersions=1]]
[08Apr2026 19:16:41.329] [ForkJoinPool.commonPool-worker-5/DEBUG] [net.neoforged.fml.loading.moddiscovery.ModFileParser/LOADING]: Considering mod file candidate D:\User Data\Documents\fortress\build\moddev\artifacts\neoforge-21.10.64.jar
[08Apr2026 19:16:41.355] [ForkJoinPool.commonPool-worker-5/DEBUG] [net.neoforged.fml.loading.moddiscovery.ModFileInfo/LOADING]: Found valid mod file neoforge-21.10.64.jar with {neoforge} mods - versions {21.10.64}
[08Apr2026 19:16:41.355] [ForkJoinPool.commonPool-worker-5/DEBUG] [net.neoforged.fml.loading.moddiscovery.ModFile/LOADING]: Loading mod file D:\User Data\Documents\fortress\build\moddev\artifacts\neoforge-21.10.64.jar with languages [LanguageSpec[languageName=javafml, acceptedVersions=[3,]]]
[08Apr2026 19:16:41.367] [ForkJoinPool.commonPool-worker-5/DEBUG] [net.neoforged.fml.loading.moddiscovery.ModFile/LOADING]: Found mixin config MixinConfig[config=neoforge.mixins.json, requiredMods=[], behaviorVersion=null]
[08Apr2026 19:16:41.368] [ForkJoinPool.commonPool-worker-5/INFO] [net.neoforged.fml.loading.moddiscovery.locators.InDevFolderLocator/CORE]: Got mod coordinates mccaz%%D:\\User Data\\Documents\\fortress\\build\\classes\\java\\main;mccaz%%D:\\User Data\\Documents\\fortress\\build\\resources\\main from env
[08Apr2026 19:16:41.377] [ForkJoinPool.commonPool-worker-5/DEBUG] [net.neoforged.fml.loading.moddiscovery.ModFileParser/LOADING]: Considering mod file candidate D:\User Data\Documents\fortress\build\classes\java\main
[08Apr2026 19:16:41.390] [ForkJoinPool.commonPool-worker-5/DEBUG] [net.neoforged.fml.loading.moddiscovery.ModFileInfo/LOADING]: Found valid mod file main with {fortress} mods - versions {0.0.1}
[08Apr2026 19:16:41.390] [ForkJoinPool.commonPool-worker-5/DEBUG] [net.neoforged.fml.loading.moddiscovery.ModFile/LOADING]: Loading mod file D:\User Data\Documents\fortress\build\classes\java\main with languages [LanguageSpec[languageName=null, acceptedVersions=null]]
[08Apr2026 19:16:41.393] [ForkJoinPool.commonPool-worker-5/DEBUG] [net.neoforged.fml.loading.moddiscovery.ModDiscoverer/]: Skipping D:\User Data\Documents\fortress\build\moddev\artifacts\neoforge-21.10.64.jar because it was already located earlier
[08Apr2026 19:16:41.409] [fml-loadingscreen/INFO] [net.neoforged.fml.earlydisplay.render.LoadingScreenRenderer/]: GL info: Radeon RX 5500 XT GL version 3.3.0 Core Profile Context 26.3.1.260303, ATI Technologies Inc.
[08Apr2026 19:16:41.578] [ForkJoinPool.commonPool-worker-5/DEBUG] [net.neoforged.fml.loading.moddiscovery.ModFile/LOADING]: Loading mod file D:\User Data\Documents\fortress\run\.cache\jij\9c617719248f8b89847348fc7ea5e705739c147ae5e172551264d225bc9f2507\mixinextras-neoforge-0.5.0.jar with languages []
[08Apr2026 19:16:41.583] [ForkJoinPool.commonPool-worker-5/DEBUG] [net.neoforged.fml.loading.moddiscovery.ModFile/LOADING]: Loading mod file D:\User Data\Documents\fortress\run\.cache\jij\51629231fe2baaddd60d570ef06ada2b2f1fe8a34133e63afdd748b9ef93f9f1\net.neoforged.neoforge-coremods-21.10.64.jar with languages []
[08Apr2026 19:16:41.656] [ForkJoinPool.commonPool-worker-5/INFO] [net.neoforged.fml.loading.moddiscovery.locators.JarInJarDependencyLocator/]: Found 2 dependencies adding them to mods collection
[08Apr2026 19:16:41.659] [ForkJoinPool.commonPool-worker-5/INFO] [net.neoforged.fml.loading.moddiscovery.ModDiscoverer/]: 
     Mod List:
		Name Version (Mod Id)

		Fortress 0.0.1 (fortress)
		Minecraft 1.21.10 (minecraft)
		NeoForge 21.10.64 (neoforge)
[08Apr2026 19:16:41.669] [ForkJoinPool.commonPool-worker-5/DEBUG] [net.neoforged.fml.loading.ModSorter/]: Configured system mods: [minecraft, neoforge]
[08Apr2026 19:16:41.670] [ForkJoinPool.commonPool-worker-5/DEBUG] [net.neoforged.fml.loading.ModSorter/]: Found system mod: minecraft
[08Apr2026 19:16:41.670] [ForkJoinPool.commonPool-worker-5/DEBUG] [net.neoforged.fml.loading.ModSorter/]: Found system mod: neoforge
[08Apr2026 19:16:41.674] [ForkJoinPool.commonPool-worker-5/DEBUG] [net.neoforged.fml.loading.ModSorter/LOADING]: Found 2 mod requirements (2 mandatory, 0 optional)
[08Apr2026 19:16:41.677] [ForkJoinPool.commonPool-worker-5/DEBUG] [net.neoforged.fml.loading.ModSorter/LOADING]: Found 0 mod requirements missing (0 mandatory, 0 optional)
[08Apr2026 19:16:42.010] [main/INFO] [mixin/]: SpongePowered MIXIN Subsystem Version=0.8.7 Source=file:/C:/Users/HosenillaPC/.gradle/caches/modules-2/files-2.1/net.fabricmc/sponge-mixin/0.16.5+mixin.0.8.7/80fc3a9f592673cea87f4cd702f87991c6c9fe4d/sponge-mixin-0.16.5+mixin.0.8.7.jar Service=FML Env=CLIENT
[08Apr2026 19:16:42.046] [main/DEBUG] [mixin/]: Initialising Mixin Platform Manager
[08Apr2026 19:16:42.046] [main/DEBUG] [mixin/]: Adding mixin platform agents for container ContainerHandleVirtual(fml:18c85)
[08Apr2026 19:16:42.049] [main/DEBUG] [mixin/]: Instancing new MixinPlatformAgentDefault for ContainerHandleVirtual(fml:18c85)
[08Apr2026 19:16:42.050] [main/DEBUG] [mixin/]: MixinPlatformAgentDefault accepted container ContainerHandleVirtual(fml:18c85)
[08Apr2026 19:16:42.050] [main/DEBUG] [mixin/]: Instancing new MixinPlatformAgentDefault for ContainerHandleVirtual(fml:18c85)
[08Apr2026 19:16:42.050] [main/DEBUG] [mixin/]: MixinPlatformAgentDefault accepted container ContainerHandleVirtual(fml:18c85)
[08Apr2026 19:16:42.052] [main/DEBUG] [mixin/]: Processing prepare() for PlatformAgent[MixinPlatformAgentDefault:ContainerHandleVirtual(fml:18c85)]
[08Apr2026 19:16:42.052] [main/DEBUG] [mixin/]: Processing prepare() for PlatformAgent[MixinPlatformAgentDefault:ContainerHandleVirtual(fml:18c85)]
[08Apr2026 19:16:42.054] [main/INFO] [net.neoforged.fml.loading.FMLLoader/]: Loading FML Plugins:
[08Apr2026 19:16:42.055] [main/INFO] [net.neoforged.fml.loading.FMLLoader/]:  - D:/User Data/Documents/fortress/build/moddev/artifacts/neoforge-21.10.64.jar > net.neoforged.neoforge-coremods-21.10.64.jar
[08Apr2026 19:16:42.062] [main/DEBUG] [net.neoforged.fml.util.ServiceLoaderUtil/CORE]: Found 2 implementations of IModLanguageLoader:
[08Apr2026 19:16:42.062] [main/DEBUG] [net.neoforged.fml.util.ServiceLoaderUtil/CORE]: 	net.neoforged.fml.javafmlmod.FMLJavaModLanguageProvider from C:/Users/HosenillaPC/.gradle/caches/modules-2/files-2.1/net.neoforged.fancymodloader/loader/10.0.32/ef0364b1413d96932ddf4b4dc4a5660a4d861b5b/loader-10.0.32.jar
[08Apr2026 19:16:42.062] [main/DEBUG] [net.neoforged.fml.util.ServiceLoaderUtil/CORE]: 	net.neoforged.fml.mclanguageprovider.MinecraftModLanguageProvider from C:/Users/HosenillaPC/.gradle/caches/modules-2/files-2.1/net.neoforged.fancymodloader/loader/10.0.32/ef0364b1413d96932ddf4b4dc4a5660a4d861b5b/loader-10.0.32.jar
[08Apr2026 19:16:42.065] [main/DEBUG] [net.neoforged.fml.loading.LanguageProviderLoader/CORE]: Found language provider javafml, version 10.0
[08Apr2026 19:16:42.066] [main/DEBUG] [net.neoforged.fml.loading.LanguageProviderLoader/CORE]: Found language provider minecraft, version 10.0
[08Apr2026 19:16:42.071] [main/DEBUG] [net.neoforged.fml.loading.FMLLoader/]: Adding Access Transformer META-INF/accesstransformer.cfg in composite(filtered(jar(D:/User Data/Documents/fortress/build/moddev/artifacts/neoforge-21.10.64.jar)))
[08Apr2026 19:16:42.122] [main/DEBUG] [net.neoforged.fml.loading.FMLLoader/]: Adding Access Transformer META-INF/accesstransformergenerated.cfg in composite(filtered(jar(D:/User Data/Documents/fortress/build/moddev/artifacts/neoforge-21.10.64.jar)))
[08Apr2026 19:16:42.149] [main/DEBUG] [net.neoforged.fml.util.ServiceLoaderUtil/CORE]: Found 5 implementations of ClassProcessor:
[08Apr2026 19:16:42.150] [main/DEBUG] [net.neoforged.fml.util.ServiceLoaderUtil/CORE]: 	[built-in] net.neoforged.fml.common.asm.AccessTransformerService from C:/Users/HosenillaPC/.gradle/caches/modules-2/files-2.1/net.neoforged.fancymodloader/loader/10.0.32/ef0364b1413d96932ddf4b4dc4a5660a4d861b5b/loader-10.0.32.jar
[08Apr2026 19:16:42.150] [main/DEBUG] [net.neoforged.fml.util.ServiceLoaderUtil/CORE]: 	[built-in] net.neoforged.fml.common.asm.enumextension.RuntimeEnumExtender from C:/Users/HosenillaPC/.gradle/caches/modules-2/files-2.1/net.neoforged.fancymodloader/loader/10.0.32/ef0364b1413d96932ddf4b4dc4a5660a4d861b5b/loader-10.0.32.jar
[08Apr2026 19:16:42.151] [main/DEBUG] [net.neoforged.fml.util.ServiceLoaderUtil/CORE]: 	[built-in] net.neoforged.fml.common.asm.SimpleProcessorsGroup from C:/Users/HosenillaPC/.gradle/caches/modules-2/files-2.1/net.neoforged.fancymodloader/loader/10.0.32/ef0364b1413d96932ddf4b4dc4a5660a4d861b5b/loader-10.0.32.jar
[08Apr2026 19:16:42.151] [main/DEBUG] [net.neoforged.fml.util.ServiceLoaderUtil/CORE]: 	[built-in] net.neoforged.fml.loading.moddiscovery.locators.NeoForgeDevDistCleaner from C:/Users/HosenillaPC/.gradle/caches/modules-2/files-2.1/net.neoforged.fancymodloader/loader/10.0.32/ef0364b1413d96932ddf4b4dc4a5660a4d861b5b/loader-10.0.32.jar
[08Apr2026 19:16:42.151] [main/DEBUG] [net.neoforged.fml.util.ServiceLoaderUtil/CORE]: 	[built-in] net.neoforged.fml.loading.mixin.FMLMixinClassProcessor from C:/Users/HosenillaPC/.gradle/caches/modules-2/files-2.1/net.neoforged.fancymodloader/loader/10.0.32/ef0364b1413d96932ddf4b4dc4a5660a4d861b5b/loader-10.0.32.jar
[08Apr2026 19:16:42.155] [main/DEBUG] [net.neoforged.fml.util.ServiceLoaderUtil/CORE]: Found 1 implementations of ClassProcessorProvider:
[08Apr2026 19:16:42.156] [main/DEBUG] [net.neoforged.fml.util.ServiceLoaderUtil/CORE]: 	net.neoforged.neoforge.coremods.NeoForgeCoreMod from D:/User Data/Documents/fortress/build/moddev/artifacts/neoforge-21.10.64.jar > net.neoforged.neoforge-coremods-21.10.64.jar
[08Apr2026 19:16:42.198] [main/DEBUG] [net.neoforged.fml.loading.FMLLoader/]: Masking classpath elements: [D:/User Data/Documents/fortress/build/moddev/artifacts/neoforge-21.10.64-client-extra-aka-minecraft-resources.jar, D:/User Data/Documents/fortress/build/moddev/artifacts/neoforge-21.10.64.jar, D:/User Data/Documents/fortress/build/classes/java/main, D:/User Data/Documents/fortress/build/resources/main]
[08Apr2026 19:16:42.216] [main/INFO] [net.neoforged.fml.loading.FMLLoader/]: Building game content classloader:
 - fortress (composite(folder(D:/User Data/Documents/fortress/build/classes/java/main), folder(D:/User Data/Documents/fortress/build/resources/main)))
 - minecraft (composite(jar(D:/User Data/Documents/fortress/build/moddev/artifacts/neoforge-21.10.64-client-extra-aka-minecraft-resources.jar), filtered(jar(D:/User Data/Documents/fortress/build/moddev/artifacts/neoforge-21.10.64.jar))))
 - mixinextras.neoforge (jar(D:/User Data/Documents/fortress/build/moddev/artifacts/neoforge-21.10.64.jar > mixinextras-neoforge-0.5.0.jar))
 - neoforge (composite(filtered(jar(D:/User Data/Documents/fortress/build/moddev/artifacts/neoforge-21.10.64.jar))))
 - net.neoforged.fml.generated (empty(VirtualJar/net.neoforged.fml.generated))
[08Apr2026 19:16:42.233] [main/INFO] [net.neoforged.fml.loading.FMLLoader/]: Built game content classloader in 35ms
[08Apr2026 19:16:42.291] [main/DEBUG] [mixin/]: Processing launch tasks for PlatformAgent[MixinPlatformAgentDefault:ContainerHandleVirtual(fml:18c85)]
[08Apr2026 19:16:42.291] [main/DEBUG] [mixin/]: Processing launch tasks for PlatformAgent[MixinPlatformAgentDefault:ContainerHandleVirtual(fml:18c85)]
[08Apr2026 19:16:42.293] [main/DEBUG] [mixin/]: Adding agents for Mixin Container composite(filtered(jar(D:/User Data/Documents/fortress/build/moddev/artifacts/neoforge-21.10.64.jar))) > jar(D:/User Data/Documents/fortress/build/moddev/artifacts/neoforge-21.10.64.jar > net.neoforged.neoforge-coremods-21.10.64.jar)
[08Apr2026 19:16:42.293] [main/DEBUG] [mixin/]: Adding mixin platform agents for container composite(filtered(jar(D:/User Data/Documents/fortress/build/moddev/artifacts/neoforge-21.10.64.jar))) > jar(D:/User Data/Documents/fortress/build/moddev/artifacts/neoforge-21.10.64.jar > net.neoforged.neoforge-coremods-21.10.64.jar)
[08Apr2026 19:16:42.293] [main/DEBUG] [mixin/]: Instancing new MixinPlatformAgentDefault for composite(filtered(jar(D:/User Data/Documents/fortress/build/moddev/artifacts/neoforge-21.10.64.jar))) > jar(D:/User Data/Documents/fortress/build/moddev/artifacts/neoforge-21.10.64.jar > net.neoforged.neoforge-coremods-21.10.64.jar)
[08Apr2026 19:16:42.293] [main/DEBUG] [mixin/]: MixinPlatformAgentDefault accepted container composite(filtered(jar(D:/User Data/Documents/fortress/build/moddev/artifacts/neoforge-21.10.64.jar))) > jar(D:/User Data/Documents/fortress/build/moddev/artifacts/neoforge-21.10.64.jar > net.neoforged.neoforge-coremods-21.10.64.jar)
[08Apr2026 19:16:42.293] [main/DEBUG] [mixin/]: Instancing new MixinPlatformAgentDefault for composite(filtered(jar(D:/User Data/Documents/fortress/build/moddev/artifacts/neoforge-21.10.64.jar))) > jar(D:/User Data/Documents/fortress/build/moddev/artifacts/neoforge-21.10.64.jar > net.neoforged.neoforge-coremods-21.10.64.jar)
[08Apr2026 19:16:42.294] [main/DEBUG] [mixin/]: MixinPlatformAgentDefault accepted container composite(filtered(jar(D:/User Data/Documents/fortress/build/moddev/artifacts/neoforge-21.10.64.jar))) > jar(D:/User Data/Documents/fortress/build/moddev/artifacts/neoforge-21.10.64.jar > net.neoforged.neoforge-coremods-21.10.64.jar)
[08Apr2026 19:16:42.295] [main/DEBUG] [mixin/]: Processing prepare() for PlatformAgent[MixinPlatformAgentDefault:composite(filtered(jar(D:/User Data/Documents/fortress/build/moddev/artifacts/neoforge-21.10.64.jar))) > jar(D:/User Data/Documents/fortress/build/moddev/artifacts/neoforge-21.10.64.jar > net.neoforged.neoforge-coremods-21.10.64.jar)]
[08Apr2026 19:16:42.295] [main/DEBUG] [mixin/]: Processing prepare() for PlatformAgent[MixinPlatformAgentDefault:composite(filtered(jar(D:/User Data/Documents/fortress/build/moddev/artifacts/neoforge-21.10.64.jar))) > jar(D:/User Data/Documents/fortress/build/moddev/artifacts/neoforge-21.10.64.jar > net.neoforged.neoforge-coremods-21.10.64.jar)]
[08Apr2026 19:16:42.295] [main/DEBUG] [mixin/]: Adding agents for Mixin Container composite(filtered(jar(D:/User Data/Documents/fortress/build/moddev/artifacts/neoforge-21.10.64.jar))) > jar(D:/User Data/Documents/fortress/build/moddev/artifacts/neoforge-21.10.64.jar > mixinextras-neoforge-0.5.0.jar)
[08Apr2026 19:16:42.295] [main/DEBUG] [mixin/]: Adding mixin platform agents for container composite(filtered(jar(D:/User Data/Documents/fortress/build/moddev/artifacts/neoforge-21.10.64.jar))) > jar(D:/User Data/Documents/fortress/build/moddev/artifacts/neoforge-21.10.64.jar > mixinextras-neoforge-0.5.0.jar)
[08Apr2026 19:16:42.295] [main/DEBUG] [mixin/]: Instancing new MixinPlatformAgentDefault for composite(filtered(jar(D:/User Data/Documents/fortress/build/moddev/artifacts/neoforge-21.10.64.jar))) > jar(D:/User Data/Documents/fortress/build/moddev/artifacts/neoforge-21.10.64.jar > mixinextras-neoforge-0.5.0.jar)
[08Apr2026 19:16:42.295] [main/DEBUG] [mixin/]: MixinPlatformAgentDefault accepted container composite(filtered(jar(D:/User Data/Documents/fortress/build/moddev/artifacts/neoforge-21.10.64.jar))) > jar(D:/User Data/Documents/fortress/build/moddev/artifacts/neoforge-21.10.64.jar > mixinextras-neoforge-0.5.0.jar)
[08Apr2026 19:16:42.297] [main/DEBUG] [mixin/]: Instancing new MixinPlatformAgentDefault for composite(filtered(jar(D:/User Data/Documents/fortress/build/moddev/artifacts/neoforge-21.10.64.jar))) > jar(D:/User Data/Documents/fortress/build/moddev/artifacts/neoforge-21.10.64.jar > mixinextras-neoforge-0.5.0.jar)
[08Apr2026 19:16:42.297] [main/DEBUG] [mixin/]: MixinPlatformAgentDefault accepted container composite(filtered(jar(D:/User Data/Documents/fortress/build/moddev/artifacts/neoforge-21.10.64.jar))) > jar(D:/User Data/Documents/fortress/build/moddev/artifacts/neoforge-21.10.64.jar > mixinextras-neoforge-0.5.0.jar)
[08Apr2026 19:16:42.297] [main/DEBUG] [mixin/]: Processing prepare() for PlatformAgent[MixinPlatformAgentDefault:composite(filtered(jar(D:/User Data/Documents/fortress/build/moddev/artifacts/neoforge-21.10.64.jar))) > jar(D:/User Data/Documents/fortress/build/moddev/artifacts/neoforge-21.10.64.jar > mixinextras-neoforge-0.5.0.jar)]
[08Apr2026 19:16:42.297] [main/DEBUG] [mixin/]: Registering mixin config: mixinextras.init.mixins.json source=composite(filtered(jar(D:/User Data/Documents/fortress/build/moddev/artifacts/neoforge-21.10.64.jar))) > jar(D:/User Data/Documents/fortress/build/moddev/artifacts/neoforge-21.10.64.jar > mixinextras-neoforge-0.5.0.jar)
[08Apr2026 19:16:42.301] [main/DEBUG] [mixin/]: Processing prepare() for PlatformAgent[MixinPlatformAgentDefault:composite(filtered(jar(D:/User Data/Documents/fortress/build/moddev/artifacts/neoforge-21.10.64.jar))) > jar(D:/User Data/Documents/fortress/build/moddev/artifacts/neoforge-21.10.64.jar > mixinextras-neoforge-0.5.0.jar)]
[08Apr2026 19:16:42.301] [main/DEBUG] [mixin/]: Registering mixin config: mixinextras.init.mixins.json source=composite(filtered(jar(D:/User Data/Documents/fortress/build/moddev/artifacts/neoforge-21.10.64.jar))) > jar(D:/User Data/Documents/fortress/build/moddev/artifacts/neoforge-21.10.64.jar > mixinextras-neoforge-0.5.0.jar)
[08Apr2026 19:16:42.302] [main/DEBUG] [mixin/]: inject() running with 3 agents
[08Apr2026 19:16:42.302] [main/DEBUG] [mixin/]: Processing inject() for PlatformAgent[MixinPlatformAgentDefault:ContainerHandleVirtual(fml:18c85)]
[08Apr2026 19:16:42.302] [main/DEBUG] [mixin/]: Processing inject() for PlatformAgent[MixinPlatformAgentDefault:ContainerHandleVirtual(fml:18c85)]
[08Apr2026 19:16:42.302] [main/DEBUG] [mixin/]: Processing inject() for PlatformAgent[MixinPlatformAgentDefault:composite(filtered(jar(D:/User Data/Documents/fortress/build/moddev/artifacts/neoforge-21.10.64.jar))) > jar(D:/User Data/Documents/fortress/build/moddev/artifacts/neoforge-21.10.64.jar > net.neoforged.neoforge-coremods-21.10.64.jar)]
[08Apr2026 19:16:42.302] [main/DEBUG] [mixin/]: Processing inject() for PlatformAgent[MixinPlatformAgentDefault:composite(filtered(jar(D:/User Data/Documents/fortress/build/moddev/artifacts/neoforge-21.10.64.jar))) > jar(D:/User Data/Documents/fortress/build/moddev/artifacts/neoforge-21.10.64.jar > net.neoforged.neoforge-coremods-21.10.64.jar)]
[08Apr2026 19:16:42.302] [main/DEBUG] [mixin/]: Processing inject() for PlatformAgent[MixinPlatformAgentDefault:composite(filtered(jar(D:/User Data/Documents/fortress/build/moddev/artifacts/neoforge-21.10.64.jar))) > jar(D:/User Data/Documents/fortress/build/moddev/artifacts/neoforge-21.10.64.jar > mixinextras-neoforge-0.5.0.jar)]
[08Apr2026 19:16:42.304] [main/DEBUG] [mixin/]: Processing inject() for PlatformAgent[MixinPlatformAgentDefault:composite(filtered(jar(D:/User Data/Documents/fortress/build/moddev/artifacts/neoforge-21.10.64.jar))) > jar(D:/User Data/Documents/fortress/build/moddev/artifacts/neoforge-21.10.64.jar > mixinextras-neoforge-0.5.0.jar)]
[08Apr2026 19:16:42.308] [main/DEBUG] [mixin/]: Preparing mixins for MixinEnvironment[DEFAULT]
[08Apr2026 19:16:42.308] [main/DEBUG] [mixin/]: Selecting config neoforge.mixins.json
[08Apr2026 19:16:42.314] [main/DEBUG] [mixin/]: Selecting config mixinextras.init.mixins.json
[08Apr2026 19:16:42.370] [main/DEBUG] [MixinExtras|Service/]: com.llamalad7.mixinextras.service.MixinExtrasServiceImpl(version=0.5.0) is taking over from null
[08Apr2026 19:16:42.423] [main/DEBUG] [mixin/]: Registering new injector for @Inject with org.spongepowered.asm.mixin.injection.struct.CallbackInjectionInfo
[08Apr2026 19:16:42.426] [main/DEBUG] [mixin/]: Registering new injector for @ModifyArg with org.spongepowered.asm.mixin.injection.struct.ModifyArgInjectionInfo
[08Apr2026 19:16:42.427] [main/DEBUG] [mixin/]: Registering new injector for @ModifyArgs with org.spongepowered.asm.mixin.injection.struct.ModifyArgsInjectionInfo
[08Apr2026 19:16:42.430] [main/DEBUG] [mixin/]: Registering new injector for @Redirect with org.spongepowered.asm.mixin.injection.struct.RedirectInjectionInfo
[08Apr2026 19:16:42.431] [main/DEBUG] [mixin/]: Registering new injector for @ModifyVariable with org.spongepowered.asm.mixin.injection.struct.ModifyVariableInjectionInfo
[08Apr2026 19:16:42.433] [main/DEBUG] [mixin/]: Registering new injector for @ModifyConstant with org.spongepowered.asm.mixin.injection.struct.ModifyConstantInjectionInfo
[08Apr2026 19:16:42.445] [main/DEBUG] [mixin/]: Preparing neoforge.mixins.json (2)
[08Apr2026 19:16:42.534] [main/DEBUG] [mixin/]: Preparing mixinextras.init.mixins.json (0)
[08Apr2026 19:16:42.866] [main/DEBUG] [io.netty.util.internal.logging.InternalLoggerFactory/]: Using SLF4J as the default logging framework
[08Apr2026 19:16:42.868] [main/DEBUG] [io.netty.util.ResourceLeakDetector/]: -Dio.netty.leakDetection.level: simple
[08Apr2026 19:16:42.870] [main/DEBUG] [io.netty.util.ResourceLeakDetector/]: -Dio.netty.leakDetection.targetRecords: 4
[08Apr2026 19:16:44.136] [Datafixer Bootstrap/INFO] [com.mojang.datafixers.DataFixerBuilder/]: 281 Datafixer optimizations took 529 milliseconds
[08Apr2026 19:16:44.210] [pool-8-thread-1/INFO] [MixinExtras|Service/]: Initializing MixinExtras via com.llamalad7.mixinextras.service.MixinExtrasServiceImpl(version=0.5.0).
[08Apr2026 19:16:44.212] [pool-8-thread-1/DEBUG] [mixin/]: Registering new injector for @SugarWrapper with com.llamalad7.mixinextras.sugar.impl.SugarWrapperInjectionInfo
[08Apr2026 19:16:44.212] [pool-8-thread-1/DEBUG] [mixin/]: Registering new injector for @FactoryRedirectWrapper with com.llamalad7.mixinextras.wrapper.factory.FactoryRedirectWrapperInjectionInfo
[08Apr2026 19:16:44.213] [pool-8-thread-1/DEBUG] [mixin/]: Registering new injector for @ExpressionInjectorWrapper with com.llamalad7.mixinextras.expression.impl.wrapper.ExpressionInjectorWrapperInjectionInfo
[08Apr2026 19:16:44.225] [pool-8-thread-1/DEBUG] [mixin/]: Mixing MappedRegistryAccessor from neoforge.mixins.json into net.minecraft.core.MappedRegistry
[08Apr2026 19:16:45.309] [pool-8-thread-1/DEBUG] [mixin/]: Mixing BlockEntityTypeAccessor from neoforge.mixins.json into net.minecraft.world.level.block.entity.BlockEntityType
[08Apr2026 19:16:47.129] [pool-8-thread-1/DEBUG] [io.netty.util.internal.PlatformDependent0/]: -Dio.netty.noUnsafe: false
[08Apr2026 19:16:47.129] [pool-8-thread-1/DEBUG] [io.netty.util.internal.PlatformDependent0/]: Java version: 21
[08Apr2026 19:16:47.130] [pool-8-thread-1/DEBUG] [io.netty.util.internal.PlatformDependent0/]: sun.misc.Unsafe.theUnsafe: available
[08Apr2026 19:16:47.130] [pool-8-thread-1/DEBUG] [io.netty.util.internal.PlatformDependent0/]: sun.misc.Unsafe base methods: all available
[08Apr2026 19:16:47.130] [pool-8-thread-1/DEBUG] [io.netty.util.internal.PlatformDependent0/]: sun.misc.Unsafe.storeFence: available
[08Apr2026 19:16:47.132] [pool-8-thread-1/DEBUG] [io.netty.util.internal.PlatformDependent0/]: java.nio.Buffer.address: available
[08Apr2026 19:16:47.132] [pool-8-thread-1/DEBUG] [io.netty.util.internal.PlatformDependent0/]: direct buffer constructor: unavailable: Reflective setAccessible(true) disabled
[08Apr2026 19:16:47.133] [pool-8-thread-1/DEBUG] [io.netty.util.internal.PlatformDependent0/]: java.nio.Bits.unaligned: available, true
[08Apr2026 19:16:47.133] [pool-8-thread-1/DEBUG] [io.netty.util.internal.PlatformDependent0/]: jdk.internal.misc.Unsafe.allocateUninitializedArray(int): unavailable: class io.netty.util.internal.PlatformDependent0$7 cannot access class jdk.internal.misc.Unsafe (in module java.base) because module java.base does not export jdk.internal.misc to unnamed module @5db45159
[08Apr2026 19:16:47.134] [pool-8-thread-1/DEBUG] [io.netty.util.internal.PlatformDependent0/]: java.nio.DirectByteBuffer.<init>(long, {int,long}): unavailable
[08Apr2026 19:16:47.134] [pool-8-thread-1/DEBUG] [io.netty.util.internal.PlatformDependent/]: sun.misc.Unsafe: available
[08Apr2026 19:16:47.135] [pool-8-thread-1/DEBUG] [io.netty.util.internal.PlatformDependent/]: -Dio.netty.tmpdir: C:\Users\HOSENI~1\AppData\Local\Temp (java.io.tmpdir)
[08Apr2026 19:16:47.135] [pool-8-thread-1/DEBUG] [io.netty.util.internal.PlatformDependent/]: -Dio.netty.bitMode: 64 (sun.arch.data.model)
[08Apr2026 19:16:47.136] [pool-8-thread-1/DEBUG] [io.netty.util.internal.PlatformDependent/]: Platform: Windows
[08Apr2026 19:16:47.136] [pool-8-thread-1/DEBUG] [io.netty.util.internal.PlatformDependent/]: -Dio.netty.maxDirectMemory: -1 bytes
[08Apr2026 19:16:47.136] [pool-8-thread-1/DEBUG] [io.netty.util.internal.PlatformDependent/]: -Dio.netty.uninitializedArrayAllocationThreshold: -1
[08Apr2026 19:16:47.137] [pool-8-thread-1/DEBUG] [io.netty.util.internal.CleanerJava9/]: java.nio.ByteBuffer.cleaner(): available
[08Apr2026 19:16:47.137] [pool-8-thread-1/DEBUG] [io.netty.util.internal.PlatformDependent/]: -Dio.netty.noPreferDirect: false
[08Apr2026 19:16:50.698] [main/WARN] [net.minecraft.commands.Commands/]: Ambiguity between arguments [teleport, location] and [teleport, destination] with inputs: [0.1 -0.5 .9, 0 0 0]
[08Apr2026 19:16:50.700] [main/WARN] [net.minecraft.commands.Commands/]: Ambiguity between arguments [teleport, location] and [teleport, targets] with inputs: [0.1 -0.5 .9, 0 0 0]
[08Apr2026 19:16:50.704] [main/WARN] [net.minecraft.commands.Commands/]: Ambiguity between arguments [teleport, destination] and [teleport, targets] with inputs: [Player, 0123, @e, dd12be42-52a9-4a91-a8a1-11c01849e498]
[08Apr2026 19:16:50.709] [main/WARN] [net.minecraft.commands.Commands/]: Ambiguity between arguments [teleport, targets] and [teleport, destination] with inputs: [Player, 0123, dd12be42-52a9-4a91-a8a1-11c01849e498]
[08Apr2026 19:16:50.712] [main/WARN] [net.minecraft.commands.Commands/]: Ambiguity between arguments [teleport, targets, location] and [teleport, targets, destination] with inputs: [0.1 -0.5 .9, 0 0 0]
[08Apr2026 19:16:50.716] [main/WARN] [net.minecraft.commands.Commands/]: Ambiguity between arguments [waypoint, modify, waypoint, color, reset] and [waypoint, modify, waypoint, color, color] with inputs: [reset]
[08Apr2026 19:16:50.761] [main/DEBUG] [net.neoforged.fml.ModWorkManager/LOADING]: Using 12 threads for parallel mod-loading
[08Apr2026 19:16:50.775] [main/DEBUG] [net.neoforged.fml.javafmlmod.FMLModContainer/LOADING]: Creating FMLModContainer instance for fortress with entrypoints [net.mccaz.fortress.Fortress, net.mccaz.fortress.mccazClient]
[08Apr2026 19:16:50.779] [main/DEBUG] [net.neoforged.fml.javafmlmod.FMLModContainer/LOADING]: Creating FMLModContainer instance for neoforge with entrypoints [net.neoforged.neoforge.common.NeoForgeMod, net.neoforged.neoforge.common.OnlyInWarningsHandler, net.neoforged.neoforge.client.ClientNeoForgeMod]
[08Apr2026 19:16:50.814] [modloading-worker-0/INFO] [net.neoforged.neoforge.common.NeoForgeMod/NEOFORGE-MOD]: NeoForge mod loading, version 21.10.64, for MC 1.21.10
[08Apr2026 19:16:50.836] [modloading-worker-0/DEBUG] [net.neoforged.fml.config.ConfigTracker/CONFIG]: Config file neoforge-server.toml for neoforge tracking
[08Apr2026 19:16:50.836] [modloading-worker-0/DEBUG] [net.neoforged.fml.config.ConfigTracker/CONFIG]: Config file fortress-common.toml for fortress tracking
[08Apr2026 19:16:50.839] [modloading-worker-0/DEBUG] [net.neoforged.fml.config.ConfigTracker/CONFIG]: Config file neoforge-common.toml for neoforge tracking
[08Apr2026 19:16:50.862] [modloading-worker-0/DEBUG] [net.neoforged.fml.javafmlmod.AutomaticEventSubscriber/LOADING]: Attempting to inject @EventBusSubscriber classes into the eventbus for fortress
[08Apr2026 19:16:50.864] [modloading-worker-0/DEBUG] [net.neoforged.fml.javafmlmod.AutomaticEventSubscriber/LOADING]: Scanning class net.mccaz.fortress.mccazClient for @SubscribeEvent-annotated methods
[08Apr2026 19:16:50.865] [modloading-worker-0/DEBUG] [net.neoforged.fml.javafmlmod.AutomaticEventSubscriber/LOADING]: Subscribing method static void net.mccaz.fortress.mccazClient.onClientSetup(net.neoforged.fml.event.lifecycle.FMLClientSetupEvent) to the event bus of mod fortress
[08Apr2026 19:16:50.900] [modloading-worker-0/DEBUG] [net.neoforged.fml.config.ConfigTracker/CONFIG]: Config file neoforge-client.toml for neoforge tracking
[08Apr2026 19:16:50.902] [modloading-worker-0/DEBUG] [net.neoforged.fml.javafmlmod.AutomaticEventSubscriber/LOADING]: Attempting to inject @EventBusSubscriber classes into the eventbus for neoforge
[08Apr2026 19:16:50.902] [modloading-worker-0/DEBUG] [net.neoforged.fml.javafmlmod.AutomaticEventSubscriber/LOADING]: Scanning class net.neoforged.neoforge.attachment.AttachmentInternals for @SubscribeEvent-annotated methods
[08Apr2026 19:16:50.904] [modloading-worker-0/DEBUG] [net.neoforged.fml.javafmlmod.AutomaticEventSubscriber/LOADING]: Subscribing method public static void net.neoforged.neoforge.attachment.AttachmentInternals.onLivingConvert(net.neoforged.neoforge.event.entity.living.LivingConversionEvent$Post) to the game event bus
[08Apr2026 19:16:50.906] [modloading-worker-0/DEBUG] [net.neoforged.fml.javafmlmod.AutomaticEventSubscriber/LOADING]: Subscribing method public static void net.neoforged.neoforge.attachment.AttachmentInternals.onPlayerClone(net.neoforged.neoforge.event.entity.player.PlayerEvent$Clone) to the game event bus
[08Apr2026 19:16:50.906] [modloading-worker-0/DEBUG] [net.neoforged.fml.javafmlmod.AutomaticEventSubscriber/LOADING]: Scanning class net.neoforged.neoforge.attachment.AttachmentSync for @SubscribeEvent-annotated methods
[08Apr2026 19:16:50.909] [modloading-worker-0/DEBUG] [net.neoforged.fml.javafmlmod.AutomaticEventSubscriber/LOADING]: Subscribing method public static void net.neoforged.neoforge.attachment.AttachmentSync.onChunkSent(net.neoforged.neoforge.event.level.ChunkWatchEvent$Sent) to the game event bus
[08Apr2026 19:16:50.911] [modloading-worker-0/DEBUG] [net.neoforged.fml.javafmlmod.AutomaticEventSubscriber/LOADING]: Scanning class net.neoforged.neoforge.client.BlockEntityRenderBoundsDebugRenderer for @SubscribeEvent-annotated methods
[08Apr2026 19:16:50.914] [modloading-worker-0/DEBUG] [net.neoforged.fml.javafmlmod.AutomaticEventSubscriber/LOADING]: Subscribing method public static void net.neoforged.neoforge.client.BlockEntityRenderBoundsDebugRenderer.onRenderLevelStage(net.neoforged.neoforge.client.event.RenderLevelStageEvent$AfterEntities) to the game event bus
[08Apr2026 19:16:50.915] [modloading-worker-0/DEBUG] [net.neoforged.fml.javafmlmod.AutomaticEventSubscriber/LOADING]: Subscribing method public static void net.neoforged.neoforge.client.BlockEntityRenderBoundsDebugRenderer.onRegisterClientCommands(net.neoforged.neoforge.client.event.RegisterClientCommandsEvent) to the game event bus
[08Apr2026 19:16:50.915] [modloading-worker-0/DEBUG] [net.neoforged.fml.javafmlmod.AutomaticEventSubscriber/LOADING]: Subscribing method public static void net.neoforged.neoforge.client.BlockEntityRenderBoundsDebugRenderer.onExtractLevelRenderState(net.neoforged.neoforge.client.event.ExtractLevelRenderStateEvent) to the game event bus
[08Apr2026 19:16:50.915] [modloading-worker-0/DEBUG] [net.neoforged.fml.javafmlmod.AutomaticEventSubscriber/LOADING]: Scanning class net.neoforged.neoforge.client.NeoForgeRenderPipelines for @SubscribeEvent-annotated methods
[08Apr2026 19:16:50.935] [modloading-worker-0/DEBUG] [net.neoforged.fml.javafmlmod.AutomaticEventSubscriber/LOADING]: Subscribing method static void net.neoforged.neoforge.client.NeoForgeRenderPipelines.registerPipelines(net.neoforged.neoforge.client.event.RegisterRenderPipelinesEvent) to the event bus of mod neoforge
[08Apr2026 19:16:50.936] [modloading-worker-0/DEBUG] [net.neoforged.fml.javafmlmod.AutomaticEventSubscriber/LOADING]: Scanning class net.neoforged.neoforge.client.network.ClientPayloadHandler for @SubscribeEvent-annotated methods
[08Apr2026 19:16:50.949] [modloading-worker-0/DEBUG] [net.neoforged.fml.javafmlmod.AutomaticEventSubscriber/LOADING]: Subscribing method private static void net.neoforged.neoforge.client.network.ClientPayloadHandler.register(net.neoforged.neoforge.client.network.event.RegisterClientPayloadHandlersEvent) to the event bus of mod neoforge
[08Apr2026 19:16:50.949] [modloading-worker-0/DEBUG] [net.neoforged.fml.javafmlmod.AutomaticEventSubscriber/LOADING]: Scanning class net.neoforged.neoforge.common.MonsterRoomHooks for @SubscribeEvent-annotated methods
[08Apr2026 19:16:50.949] [modloading-worker-0/DEBUG] [net.neoforged.fml.javafmlmod.AutomaticEventSubscriber/LOADING]: Subscribing method public static void net.neoforged.neoforge.common.MonsterRoomHooks.onDataMapsUpdated(net.neoforged.neoforge.registries.datamaps.DataMapsUpdatedEvent) to the game event bus
[08Apr2026 19:16:50.950] [modloading-worker-0/DEBUG] [net.neoforged.fml.javafmlmod.AutomaticEventSubscriber/LOADING]: Scanning class net.neoforged.neoforge.model.data.ModelDataManager for @SubscribeEvent-annotated methods
[08Apr2026 19:16:50.952] [modloading-worker-0/DEBUG] [net.neoforged.fml.javafmlmod.AutomaticEventSubscriber/LOADING]: Subscribing method public static void net.neoforged.neoforge.model.data.ModelDataManager.onChunkUnload(net.neoforged.neoforge.event.level.ChunkEvent$Unload) to the game event bus
[08Apr2026 19:16:50.952] [modloading-worker-0/DEBUG] [net.neoforged.fml.javafmlmod.AutomaticEventSubscriber/LOADING]: Scanning class net.neoforged.neoforge.network.ConfigurationInitialization for @SubscribeEvent-annotated methods
[08Apr2026 19:16:50.955] [modloading-worker-0/DEBUG] [net.neoforged.fml.javafmlmod.AutomaticEventSubscriber/LOADING]: Subscribing method private static void net.neoforged.neoforge.network.ConfigurationInitialization.configureModdedClient(net.neoforged.neoforge.network.event.RegisterConfigurationTasksEvent) to the event bus of mod neoforge
[08Apr2026 19:16:50.955] [modloading-worker-0/DEBUG] [net.neoforged.fml.javafmlmod.AutomaticEventSubscriber/LOADING]: Scanning class net.neoforged.neoforge.network.NetworkInitialization for @SubscribeEvent-annotated methods
[08Apr2026 19:16:50.957] [modloading-worker-0/DEBUG] [net.neoforged.fml.javafmlmod.AutomaticEventSubscriber/LOADING]: Subscribing method private static void net.neoforged.neoforge.network.NetworkInitialization.register(net.neoforged.neoforge.network.event.RegisterPayloadHandlersEvent) to the event bus of mod neoforge
[08Apr2026 19:16:50.957] [modloading-worker-0/DEBUG] [net.neoforged.fml.javafmlmod.AutomaticEventSubscriber/LOADING]: Scanning class net.neoforged.neoforge.network.filters.GenericPacketSplitter for @SubscribeEvent-annotated methods
[08Apr2026 19:16:50.985] [modloading-worker-0/DEBUG] [io.netty.buffer.AbstractByteBuf/]: -Dio.netty.buffer.checkAccessible: true
[08Apr2026 19:16:50.985] [modloading-worker-0/DEBUG] [io.netty.buffer.AbstractByteBuf/]: -Dio.netty.buffer.checkBounds: true
[08Apr2026 19:16:50.987] [modloading-worker-0/DEBUG] [io.netty.util.ResourceLeakDetectorFactory/]: Loaded default ResourceLeakDetector: io.netty.util.ResourceLeakDetector@3104ed98
[08Apr2026 19:16:50.996] [modloading-worker-0/DEBUG] [io.netty.util.internal.InternalThreadLocalMap/]: -Dio.netty.threadLocalMap.stringBuilder.initialSize: 1024
[08Apr2026 19:16:50.996] [modloading-worker-0/DEBUG] [io.netty.util.internal.InternalThreadLocalMap/]: -Dio.netty.threadLocalMap.stringBuilder.maxSize: 4096
[08Apr2026 19:16:51.004] [modloading-worker-0/DEBUG] [io.netty.buffer.PooledByteBufAllocator/]: -Dio.netty.allocator.numHeapArenas: 24
[08Apr2026 19:16:51.004] [modloading-worker-0/DEBUG] [io.netty.buffer.PooledByteBufAllocator/]: -Dio.netty.allocator.numDirectArenas: 24
[08Apr2026 19:16:51.004] [modloading-worker-0/DEBUG] [io.netty.buffer.PooledByteBufAllocator/]: -Dio.netty.allocator.pageSize: 8192
[08Apr2026 19:16:51.004] [modloading-worker-0/DEBUG] [io.netty.buffer.PooledByteBufAllocator/]: -Dio.netty.allocator.maxOrder: 9
[08Apr2026 19:16:51.004] [modloading-worker-0/DEBUG] [io.netty.buffer.PooledByteBufAllocator/]: -Dio.netty.allocator.chunkSize: 4194304
[08Apr2026 19:16:51.005] [modloading-worker-0/DEBUG] [io.netty.buffer.PooledByteBufAllocator/]: -Dio.netty.allocator.smallCacheSize: 256
[08Apr2026 19:16:51.005] [modloading-worker-0/DEBUG] [io.netty.buffer.PooledByteBufAllocator/]: -Dio.netty.allocator.normalCacheSize: 64
[08Apr2026 19:16:51.005] [modloading-worker-0/DEBUG] [io.netty.buffer.PooledByteBufAllocator/]: -Dio.netty.allocator.maxCachedBufferCapacity: 32768
[08Apr2026 19:16:51.005] [modloading-worker-0/DEBUG] [io.netty.buffer.PooledByteBufAllocator/]: -Dio.netty.allocator.cacheTrimInterval: 8192
[08Apr2026 19:16:51.005] [modloading-worker-0/DEBUG] [io.netty.buffer.PooledByteBufAllocator/]: -Dio.netty.allocator.cacheTrimIntervalMillis: 0
[08Apr2026 19:16:51.005] [modloading-worker-0/DEBUG] [io.netty.buffer.PooledByteBufAllocator/]: -Dio.netty.allocator.useCacheForAllThreads: false
[08Apr2026 19:16:51.005] [modloading-worker-0/DEBUG] [io.netty.buffer.PooledByteBufAllocator/]: -Dio.netty.allocator.maxCachedByteBuffersPerChunk: 1023
[08Apr2026 19:16:51.005] [modloading-worker-0/DEBUG] [io.netty.buffer.PooledByteBufAllocator/]: -Dio.netty.allocator.disableCacheFinalizersForFastThreadLocalThreads: false
[08Apr2026 19:16:51.015] [modloading-worker-0/DEBUG] [io.netty.buffer.ByteBufUtil/]: -Dio.netty.allocator.type: pooled
[08Apr2026 19:16:51.015] [modloading-worker-0/DEBUG] [io.netty.buffer.ByteBufUtil/]: -Dio.netty.threadLocalDirectBufferSize: 0
[08Apr2026 19:16:51.015] [modloading-worker-0/DEBUG] [io.netty.buffer.ByteBufUtil/]: -Dio.netty.maxThreadLocalCharBufferSize: 16384
[08Apr2026 19:16:51.021] [modloading-worker-0/DEBUG] [net.neoforged.fml.javafmlmod.AutomaticEventSubscriber/LOADING]: Subscribing method private static void net.neoforged.neoforge.network.filters.GenericPacketSplitter.register(net.neoforged.neoforge.network.event.RegisterPayloadHandlersEvent) to the event bus of mod neoforge
[08Apr2026 19:16:51.203] [modloading-sync-worker/DEBUG] [net.neoforged.fml.config.ConfigTracker/CONFIG]: Loading configs type CLIENT
[08Apr2026 19:16:51.215] [modloading-sync-worker/DEBUG] [net.neoforged.neoforge.common.NeoForgeMod/FORGEMOD]: Loaded NeoForge config file neoforge-client.toml
[08Apr2026 19:16:51.216] [modloading-sync-worker/DEBUG] [net.neoforged.fml.config.ConfigTracker/CONFIG]: Loaded TOML config file D:\User Data\Documents\fortress\run\config\neoforge-client.toml
[08Apr2026 19:16:51.224] [modloading-sync-worker/DEBUG] [net.neoforged.fml.config.ConfigTracker/CONFIG]: Watching TOML config file D:\User Data\Documents\fortress\run\config\neoforge-client.toml for changes
[08Apr2026 19:16:51.225] [modloading-sync-worker/DEBUG] [net.neoforged.fml.config.ConfigTracker/CONFIG]: Loading configs type COMMON
[08Apr2026 19:16:51.227] [modloading-sync-worker/DEBUG] [net.neoforged.neoforge.common.ModConfigSpec/CORE]: List on key items is deemed to need correction, as it is null, not a list, or the wrong size.
[08Apr2026 19:16:51.234] [modloading-sync-worker/DEBUG] [net.neoforged.fml.config.ConfigTracker/CONFIG]: Loaded TOML config file D:\User Data\Documents\fortress\run\config\fortress-common.toml
[08Apr2026 19:16:51.235] [modloading-sync-worker/DEBUG] [net.neoforged.fml.config.ConfigTracker/CONFIG]: Watching TOML config file D:\User Data\Documents\fortress\run\config\fortress-common.toml for changes
[08Apr2026 19:16:51.237] [modloading-sync-worker/DEBUG] [net.neoforged.neoforge.common.NeoForgeMod/FORGEMOD]: Loaded NeoForge config file neoforge-common.toml
[08Apr2026 19:16:51.237] [modloading-sync-worker/DEBUG] [net.neoforged.fml.config.ConfigTracker/CONFIG]: Loaded TOML config file D:\User Data\Documents\fortress\run\config\neoforge-common.toml
[08Apr2026 19:16:51.237] [modloading-sync-worker/DEBUG] [net.neoforged.fml.config.ConfigTracker/CONFIG]: Watching TOML config file D:\User Data\Documents\fortress\run\config\neoforge-common.toml for changes
[08Apr2026 19:16:51.510] [Render thread/INFO] [com.mojang.authlib.yggdrasil.YggdrasilAuthenticationService/]: Environment: Environment[sessionHost=https://sessionserver.mojang.com, servicesHost=https://api.minecraftservices.com, profilesHost=https://api.mojang.com, name=PROD]
[08Apr2026 19:16:51.532] [Render thread/INFO] [net.minecraft.client.Minecraft/]: Setting user: Dev
[08Apr2026 19:16:51.651] [Render thread/INFO] [net.minecraft.client.Minecraft/]: Backend library: LWJGL version 3.3.3+5
[08Apr2026 19:16:51.652] [Render thread/WARN] [net.minecraft.client.Minecraft/]: Detected unexpected shutdown during last game startup: resetting fullscreen mode
[08Apr2026 19:16:51.901] [Render thread/INFO] [net.minecraft.client.Minecraft/]: Using optional rendering extensions: GL_ARB_buffer_storage, GL_KHR_debug, GL_ARB_vertex_attrib_binding, GL_ARB_direct_state_access
[08Apr2026 19:16:52.724] [Render thread/INFO] [net.minecraft.server.packs.resources.ReloadableResourceManager/]: Reloading ResourceManager: vanilla, mod_resources, mod/fortress, mod/neoforge
[08Apr2026 19:16:52.750] [resourceLoad/INFO] [net.mccaz.fortress.Fortress/]: HELLO FROM COMMON SETUP
[08Apr2026 19:16:52.750] [resourceLoad/INFO] [net.mccaz.fortress.Fortress/]: DIRT BLOCK >> minecraft:dirt
[08Apr2026 19:16:52.750] [resourceLoad/INFO] [net.mccaz.fortress.Fortress/]: The magic number is... 42
[08Apr2026 19:16:52.751] [resourceLoad/INFO] [net.mccaz.fortress.Fortress/]: ITEM >> minecraft:iron_ingot
[08Apr2026 19:16:53.088] [resourceLoad/INFO] [net.minecraft.client.gui.font.providers.UnihexProvider/]: Found unifont_pua-16.0.03.hex, loading
[08Apr2026 19:16:53.088] [resourceLoad/INFO] [net.minecraft.client.gui.font.providers.UnihexProvider/]: Found unifont_all_no_pua-16.0.03.hex, loading
[08Apr2026 19:16:53.121] [Render thread/DEBUG] [net.neoforged.fml.DeferredWorkQueue/LOADING]: Dispatching synchronous work for work queue Common setup: 1 jobs
[08Apr2026 19:16:53.131] [Render thread/DEBUG] [net.neoforged.fml.DeferredWorkQueue/LOADING]: Synchronous work queue completed in 7.722 ms
[08Apr2026 19:16:53.253] [resourceLoad/INFO] [net.minecraft.client.gui.font.providers.UnihexProvider/]: Found unifont_jp_patch-16.0.03.hex, loading
[08Apr2026 19:16:53.311] [resourceLoad/INFO] [net.mccaz.fortress.Fortress/]: HELLO FROM CLIENT SETUP
[08Apr2026 19:16:53.311] [resourceLoad/INFO] [net.mccaz.fortress.Fortress/]: MINECRAFT NAME >> Dev
[08Apr2026 19:16:54.606] [resourceLoad/WARN] [net.minecraft.client.resources.model.ModelManager/]: Missing model for variant: 'Block{fortress:example_block}'
[08Apr2026 19:16:55.008] [Render thread/INFO] [com.mojang.blaze3d.audio.Library/]: OpenAL initialized on device OpenAL Soft on Headphones (UGREEN HiTune Max5c)
[08Apr2026 19:16:55.008] [Render thread/INFO] [net.minecraft.client.sounds.SoundEngine/SOUNDS]: Sound engine started
[08Apr2026 19:16:55.016] [Render thread/INFO] [net.minecraft.client.renderer.texture.TextureAtlas/]: Created: 512x256x0 minecraft:textures/atlas/particles.png-atlas
[08Apr2026 19:16:55.019] [Render thread/INFO] [net.minecraft.client.renderer.texture.TextureAtlas/]: Created: 128x64x0 minecraft:textures/atlas/decorated_pot.png-atlas
[08Apr2026 19:16:55.019] [Render thread/INFO] [net.minecraft.client.renderer.texture.TextureAtlas/]: Created: 2048x1024x0 minecraft:textures/atlas/armor_trims.png-atlas
[08Apr2026 19:16:55.021] [Render thread/INFO] [net.minecraft.client.renderer.texture.TextureAtlas/]: Created: 512x256x0 minecraft:textures/atlas/paintings.png-atlas
[08Apr2026 19:16:55.023] [Render thread/INFO] [net.minecraft.client.renderer.texture.TextureAtlas/]: Created: 512x512x0 minecraft:textures/atlas/shield_patterns.png-atlas
[08Apr2026 19:16:55.023] [Render thread/INFO] [net.minecraft.client.renderer.texture.TextureAtlas/]: Created: 1024x512x4 minecraft:textures/atlas/blocks.png-atlas
[08Apr2026 19:16:55.033] [Render thread/INFO] [net.minecraft.client.renderer.texture.TextureAtlas/]: Created: 512x256x0 minecraft:textures/atlas/chest.png-atlas
[08Apr2026 19:16:55.035] [Render thread/INFO] [net.minecraft.client.renderer.texture.TextureAtlas/]: Created: 512x512x0 minecraft:textures/atlas/banner_patterns.png-atlas
[08Apr2026 19:16:55.035] [Render thread/INFO] [net.minecraft.client.renderer.texture.TextureAtlas/]: Created: 512x256x0 minecraft:textures/atlas/beds.png-atlas
[08Apr2026 19:16:55.037] [Render thread/INFO] [net.minecraft.client.renderer.texture.TextureAtlas/]: Created: 1024x512x0 minecraft:textures/atlas/gui.png-atlas
[08Apr2026 19:16:55.046] [Render thread/INFO] [net.minecraft.client.renderer.texture.TextureAtlas/]: Created: 64x64x0 minecraft:textures/atlas/map_decorations.png-atlas
[08Apr2026 19:16:55.046] [Render thread/INFO] [net.minecraft.client.renderer.texture.TextureAtlas/]: Created: 256x256x0 minecraft:textures/atlas/signs.png-atlas
[08Apr2026 19:16:55.047] [Render thread/INFO] [net.minecraft.client.renderer.texture.TextureAtlas/]: Created: 512x256x0 minecraft:textures/atlas/shulker_boxes.png-atlas
[08Apr2026 19:16:55.179] [Render thread/WARN] [net.minecraft.client.resources.model.ModelManager/]: No model loaded for default item model ID fortress:example_block of fortress:example_block
[08Apr2026 19:16:55.179] [Render thread/WARN] [net.minecraft.client.resources.model.ModelManager/]: No model loaded for default item model ID fortress:example_item of fortress:example_item
[08Apr2026 19:16:55.181] [Render thread/INFO] [net.neoforged.neoforge.client.entity.animation.json.AnimationLoader/]: Loaded 0 entity animations
[08Apr2026 19:16:55.427] [Render thread/DEBUG] [net.neoforged.fml.classloading.transformation.ClassTransformStatistics/]: Transformed/total loaded classes: 395/6986 (5.65%) and 5 parsed for mixin
[08Apr2026 19:17:19.755] [Render thread/DEBUG] [net.neoforged.fml.classloading.transformation.ClassTransformStatistics/]: Transformed/total loaded classes: 397/7104 (5.59%) and 5 parsed for mixin
[08Apr2026 19:17:19.768] [Render thread/INFO] [net.minecraft.client.Minecraft/]: Stopping!
